<?xml version="1.0" encoding="UTF-8"?>
<!-- Generated by org.testng.reporters.JUnitReportReporter -->
<testsuite hostname="LAPTOP-C9GCE5DU" failures="0" tests="1" name="com.rmg.projecttest.GetProjectsTest" time="1.096" errors="0" timestamp="2021-04-05T17:18:03 IST" skipped="0">
  <testcase classname="com.rmg.projecttest.GetProjectsTest" name="getProjects" time="1.096"/>
  <system-out/>
</testsuite> <!-- com.rmg.projecttest.GetProjectsTest -->
