<?xml version="1.0" encoding="UTF-8"?>
<!-- Generated by org.testng.reporters.JUnitReportReporter -->
<testsuite hostname="LAPTOP-C9GCE5DU" failures="0" tests="1" name="com.rmg.projecttest.ProjectTest" time="1.140" errors="0" timestamp="2021-04-05T16:38:55 IST" skipped="0">
  <testcase classname="com.rmg.projecttest.ProjectTest" name="getProjects" time="1.140"/>
  <system-out/>
</testsuite> <!-- com.rmg.projecttest.ProjectTest -->
