<?xml version="1.0" encoding="UTF-8"?>
<!-- Generated by org.testng.reporters.JUnitReportReporter -->
<testsuite hostname="LAPTOP-C9GCE5DU" failures="0" tests="1" name="com.rmg.projecttest.CreateProjectUsingPojo" time="1.306" errors="0" timestamp="2021-04-05T18:13:48 IST" skipped="0">
  <testcase classname="com.rmg.projecttest.CreateProjectUsingPojo" name="crateprojectUsingPojoClass" time="1.306"/>
  <system-out/>
</testsuite> <!-- com.rmg.projecttest.CreateProjectUsingPojo -->
