<?xml version="1.0" encoding="UTF-8"?>
<!-- Generated by org.testng.reporters.JUnitReportReporter -->
<testsuite hostname="LAPTOP-C9GCE5DU" failures="0" tests="1" name="com.rmg.projecttest.CreateProjectTest" time="1.258" errors="0" timestamp="2021-04-05T18:32:34 IST" skipped="0">
  <testcase classname="com.rmg.projecttest.CreateProjectTest" name="createProject" time="1.258"/>
  <system-out/>
</testsuite> <!-- com.rmg.projecttest.CreateProjectTest -->
