<?xml version="1.0" encoding="UTF-8"?>
<!-- Generated by org.testng.reporters.JUnitReportReporter -->
<testsuite hostname="LAPTOP-C9GCE5DU" failures="0" tests="1" name="com.rmg.projecttest.GetProjectUsingPathParam" time="1.083" errors="0" timestamp="2021-04-05T18:33:10 IST" skipped="0">
  <testcase classname="com.rmg.projecttest.GetProjectUsingPathParam" name="getProject" time="1.083"/>
  <system-out/>
</testsuite> <!-- com.rmg.projecttest.GetProjectUsingPathParam -->
