<?xml version="1.0" encoding="UTF-8"?>
<!-- Generated by org.testng.reporters.JUnitReportReporter -->
<testsuite hostname="LAPTOP-C9GCE5DU" failures="0" tests="1" name="com.rmg.projecttest.CreateProjectUsingJsonFile" time="1.088" errors="0" timestamp="2021-04-05T17:42:14 IST" skipped="0">
  <testcase classname="com.rmg.projecttest.CreateProjectUsingJsonFile" name="crateprojectUsingFile" time="1.088"/>
  <system-out/>
</testsuite> <!-- com.rmg.projecttest.CreateProjectUsingJsonFile -->
