<?xml version="1.0" encoding="UTF-8"?>
<!-- Generated by org.testng.reporters.JUnitReportReporter -->
<testsuite hostname="LAPTOP-C9GCE5DU" failures="0" tests="1" name="com.rmg.projecttest.AssignmentTest" time="0.138" errors="0" timestamp="2021-04-06T10:27:44 IST" skipped="0">
  <testcase classname="com.rmg.projecttest.AssignmentTest" name="parseTest" time="0.138"/>
  <system-out/>
</testsuite> <!-- com.rmg.projecttest.AssignmentTest -->
