<?xml version="1.0" encoding="UTF-8"?>
<!-- Generated by org.testng.reporters.JUnitReportReporter -->
<testsuite hostname="LAPTOP-C9GCE5DU" failures="0" tests="1" name="com.rmg.projecttest.DeleteProjectTest" time="1.085" errors="0" timestamp="2021-04-05T16:57:36 IST" skipped="0">
  <testcase classname="com.rmg.projecttest.DeleteProjectTest" name="deleteProject" time="1.085"/>
  <system-out/>
</testsuite> <!-- com.rmg.projecttest.DeleteProjectTest -->
